<?xml version="1.0" encoding="UTF-8"?>
<!-- Generated by org.testng.reporters.JUnitReportReporter -->
<testsuite name="tests.sanityPack.TC_SP_006" tests="1" time="54.804" ignored="0" failures="0" timestamp="26 Mar 2017 10:01:16 GMT" skipped="0" hostname="dellsharm60718" errors="0">
  <testcase name="Delete_Item" time="54.804" classname="tests.sanityPack.TC_SP_006"/>
</testsuite> <!-- tests.sanityPack.TC_SP_006 -->
