<?xml version="1.0" encoding="UTF-8"?>
<!-- Generated by org.testng.reporters.JUnitReportReporter -->
<testsuite name="tests.sanityPack.TC_SP_011" tests="1" time="22.532" ignored="2" failures="0" timestamp="26 Mar 2017 10:51:53 GMT" skipped="0" hostname="dellsharm60718" errors="0">
  <testcase name="SignIn" time="22.532" classname="tests.sanityPack.TC_SP_011"/>
  <testcase name="BeforeSuite" classname="abstractClasses.BaseTest">
    <skipped/>
  </testcase> <!-- BeforeSuite -->
  <testcase name="afterSuite" classname="abstractClasses.BaseTest">
    <skipped/>
  </testcase> <!-- afterSuite -->
</testsuite> <!-- tests.sanityPack.TC_SP_011 -->
