<?xml version="1.0" encoding="UTF-8"?>
<!-- Generated by org.testng.reporters.JUnitReportReporter -->
<testsuite name="tests.sanityPack.TC_SP_005" tests="1" time="17.072" ignored="0" failures="0" timestamp="26 Mar 2017 09:36:58 GMT" skipped="0" hostname="dellsharm60718" errors="0">
  <testcase name="Update_Item_Quantity" time="17.072" classname="tests.sanityPack.TC_SP_005"/>
</testsuite> <!-- tests.sanityPack.TC_SP_005 -->
