<?xml version="1.0" encoding="UTF-8"?>
<!-- Generated by org.testng.reporters.JUnitReportReporter -->
<testsuite name="tests.sanityPack.TC_SP_008" tests="1" time="22.609" ignored="0" failures="0" timestamp="26 Mar 2017 10:09:42 GMT" skipped="0" hostname="dellsharm60718" errors="0">
  <testcase name="Clear_Cart" time="22.609" classname="tests.sanityPack.TC_SP_008"/>
</testsuite> <!-- tests.sanityPack.TC_SP_008 -->
