<?xml version="1.0" encoding="UTF-8"?>
<!-- Generated by org.testng.reporters.JUnitReportReporter -->
<testsuite name="tests.sanityPack.TC_SP_004" tests="1" time="0.000" ignored="20" failures="0" timestamp="26 Mar 2017 08:05:52 GMT" skipped="1" hostname="dellsharm60718" errors="0">
  <testcase name="Add_To_WishList_QuickView" time="0.000" classname="tests.sanityPack.TC_SP_004">
    <skipped/>
  </testcase> <!-- Add_To_WishList_QuickView -->
  <testcase name="BeforeSuite" classname="abstractClasses.BaseTest">
    <skipped/>
  </testcase> <!-- BeforeSuite -->
  <testcase name="BeforeSuite" classname="abstractClasses.BaseTest">
    <skipped/>
  </testcase> <!-- BeforeSuite -->
  <testcase name="BeforeSuite" classname="abstractClasses.BaseTest">
    <skipped/>
  </testcase> <!-- BeforeSuite -->
  <testcase name="BeforeSuite" classname="abstractClasses.BaseTest">
    <skipped/>
  </testcase> <!-- BeforeSuite -->
  <testcase name="BeforeSuite" classname="abstractClasses.BaseTest">
    <skipped/>
  </testcase> <!-- BeforeSuite -->
  <testcase name="BeforeSuite" classname="abstractClasses.BaseTest">
    <skipped/>
  </testcase> <!-- BeforeSuite -->
  <testcase name="BeforeSuite" classname="abstractClasses.BaseTest">
    <skipped/>
  </testcase> <!-- BeforeSuite -->
  <testcase name="BeforeSuite" classname="abstractClasses.BaseTest">
    <skipped/>
  </testcase> <!-- BeforeSuite -->
  <testcase name="BeforeSuite" classname="abstractClasses.BaseTest">
    <skipped/>
  </testcase> <!-- BeforeSuite -->
  <testcase name="BeforeSuite" classname="abstractClasses.BaseTest">
    <skipped/>
  </testcase> <!-- BeforeSuite -->
  <testcase name="afterSuite" classname="abstractClasses.BaseTest">
    <skipped/>
  </testcase> <!-- afterSuite -->
  <testcase name="afterSuite" classname="abstractClasses.BaseTest">
    <skipped/>
  </testcase> <!-- afterSuite -->
  <testcase name="afterSuite" classname="abstractClasses.BaseTest">
    <skipped/>
  </testcase> <!-- afterSuite -->
  <testcase name="afterSuite" classname="abstractClasses.BaseTest">
    <skipped/>
  </testcase> <!-- afterSuite -->
  <testcase name="afterSuite" classname="abstractClasses.BaseTest">
    <skipped/>
  </testcase> <!-- afterSuite -->
  <testcase name="afterSuite" classname="abstractClasses.BaseTest">
    <skipped/>
  </testcase> <!-- afterSuite -->
  <testcase name="afterSuite" classname="abstractClasses.BaseTest">
    <skipped/>
  </testcase> <!-- afterSuite -->
  <testcase name="afterSuite" classname="abstractClasses.BaseTest">
    <skipped/>
  </testcase> <!-- afterSuite -->
  <testcase name="afterSuite" classname="abstractClasses.BaseTest">
    <skipped/>
  </testcase> <!-- afterSuite -->
  <testcase name="afterSuite" classname="abstractClasses.BaseTest">
    <skipped/>
  </testcase> <!-- afterSuite -->
</testsuite> <!-- tests.sanityPack.TC_SP_004 -->
