<?xml version="1.0" encoding="UTF-8"?>
<!-- Generated by org.testng.reporters.JUnitReportReporter -->
<testsuite name="tests.sanityPack.TC_SP_009" tests="1" time="19.327" ignored="0" failures="0" timestamp="26 Mar 2017 10:10:23 GMT" skipped="0" hostname="dellsharm60718" errors="0">
  <testcase name="Apply_Discount" time="19.327" classname="tests.sanityPack.TC_SP_009"/>
</testsuite> <!-- tests.sanityPack.TC_SP_009 -->
