<?xml version="1.0" encoding="UTF-8"?>
<!-- Generated by org.testng.reporters.JUnitReportReporter -->
<testsuite name="tests.sanityPack.TC_SP_11_BasePageObject_3" tests="1" time="42.622" ignored="0" failures="0" timestamp="26 Mar 2017 07:32:52 GMT" skipped="0" hostname="dellsharm60718" errors="0">
  <testcase name="SignIn" time="42.622" classname="tests.sanityPack.TC_SP_11_BasePageObject_3"/>
</testsuite> <!-- tests.sanityPack.TC_SP_11_BasePageObject_3 -->
