<?xml version="1.0" encoding="UTF-8"?>
<!-- Generated by org.testng.reporters.JUnitReportReporter -->
<testsuite name="tests.sanityPack.TC_SP_001_3" tests="1" time="30.279" ignored="0" failures="0" timestamp="25 Mar 2017 22:37:51 GMT" skipped="0" hostname="dellsharm60718" errors="0">
  <testcase name="Add_Product_To_Cart" time="30.279" classname="tests.sanityPack.TC_SP_001_3"/>
</testsuite> <!-- tests.sanityPack.TC_SP_001_3 -->
