<?xml version="1.0" encoding="UTF-8"?>
<!-- Generated by org.testng.reporters.JUnitReportReporter -->
<testsuite name="tests.sanityPack.TC_SP_011_1" tests="1" time="37.968" ignored="0" failures="0" timestamp="12 Mar 2017 15:58:15 GMT" skipped="0" hostname="dellsharm60718" errors="0">
  <testcase name="SignIn" time="37.968" classname="tests.sanityPack.TC_SP_011_1"/>
</testsuite> <!-- tests.sanityPack.TC_SP_011_1 -->
