<?xml version="1.0" encoding="UTF-8"?>
<!-- Generated by org.testng.reporters.JUnitReportReporter -->
<testsuite name="tests.sanityPack.TC_SP_011_2" tests="1" time="20.671" ignored="0" failures="0" timestamp="12 Mar 2017 15:58:57 GMT" skipped="0" hostname="dellsharm60718" errors="0">
  <testcase name="SignIn" time="20.671" classname="tests.sanityPack.TC_SP_011_2"/>
</testsuite> <!-- tests.sanityPack.TC_SP_011_2 -->
